Fri Jul 11 01:24:27 IST 2014
minakshi-HP-Pavilion-g6-Notebook-PC
Fri Jul 11 01:26:46 IST 2014
Linux minakshi-HP-Pavilion-g6-Notebook-PC 3.8.0-35-generic #50-Ubuntu SMP Tue Dec 3 01:24:59 UTC 2013 x86_64 x86_64 x86_64 GNU/Linux
Linux 3.8.0-35-generic x86_64
Fri Jul 11 01:29:29 IST 2014
/home/minakshi
Fri Jul 11 01:29:43 IST 2014
/home/minakshi
Fri Jul 11 01:29:59 IST 2014
/home/minakshi
Fri Jul 11 01:33:15 IST 2014
minakshi tty7         2014-07-10 23:56 (:0)
minakshi pts/0        2014-07-10 23:57 (:0.0)
minakshi pts/1        2014-07-10 23:58 (:0.0)
minakshi pts/4        2014-07-11 01:17 (:0.0)
Fri Jul 11 01:35:57 IST 2014
root
daemon
bin
sys
sync
games
man
lp
mail
news
uucp
proxy
www-data
backup
list
irc
gnats
nobody
libuuid
syslog
messagebus
avahi-autoipd
usbmux
dnsmasq
whoopsie
kernoops
rtkit
speech-dispatcher
lightdm
avahi
colord
hplip
saned
minakshi
mysql
snort
oracle
pulse
Fri Jul 11 01:50:02 IST 2014
webonise1.txt
webonise2.txt
webonise3.txt
1.txt 2.txt 3.txt
Fri Jul 11 10:10:18 IST 2014
webonise adm cdrom sudo dip plugdev lpadmin sambashare
webonise adm cdrom sudo dip plugdev lpadmin sambashare
Fri Jul 11 10:23:38 IST 2014
webonisex.c
x.c
